<?xml version="1.0" encoding="UTF-8"?>
<!-- Generated by org.testng.reporters.JUnitReportReporter -->
<testsuite hostname="DESKTOP-FNF69NB" name="testnglearning.TestCase1" tests="2" failures="0" timestamp="2 Dec 2017 06:46:09 GMT" time="0.047" errors="0">
  <testcase name="doUserReg" time="0.014" classname="testnglearning.TestCase1"/>
  <testcase name="doLogin" time="0.033" classname="testnglearning.TestCase1"/>
</testsuite> <!-- testnglearning.TestCase1 -->
