<?xml version="1.0" encoding="UTF-8"?>
<!-- Generated by org.testng.reporters.JUnitReportReporter -->
<testsuite hostname="DESKTOP-FNF69NB" name="regression.TestCase1" tests="2" failures="0" timestamp="2 Dec 2017 07:20:31 GMT" time="0.009" errors="0">
  <testcase name="doLogin" time="0.002" classname="regression.TestCase1"/>
  <testcase name="doUserReg" time="0.007" classname="regression.TestCase1"/>
</testsuite> <!-- regression.TestCase1 -->
