<?xml version="1.0" encoding="UTF-8"?>
<!-- Generated by org.testng.reporters.JUnitReportReporter -->
<testsuite hostname="DESKTOP-FNF69NB" name="functional.TestCase1" tests="2" failures="0" timestamp="2 Dec 2017 07:20:31 GMT" time="0.005" errors="0">
  <testcase name="doLogin" time="0.003" classname="functional.TestCase1"/>
  <testcase name="doUserReg" time="0.002" classname="functional.TestCase1"/>
</testsuite> <!-- functional.TestCase1 -->
