<?xml version="1.0" encoding="UTF-8"?>
<!-- Generated by org.testng.reporters.JUnitReportReporter -->
<testsuite skipped="0" hostname="DESKTOP-4CUDJ83" name="testcases.AddCustomerTest" tests="1" failures="0" timestamp="05 Nov 2017 08:04:58 GMT" time="3.659" errors="0">
  <testcase name="addCustomer" time="3.659" classname="testcases.AddCustomerTest"/>
</testsuite> <!-- testcases.AddCustomerTest -->
