<?xml version="1.0" encoding="UTF-8"?>
<!-- Generated by org.testng.reporters.JUnitReportReporter -->
<testsuite skipped="0" hostname="DESKTOP-4CUDJ83" name="testcases.LoginTest" tests="1" failures="0" timestamp="30 Oct 2017 09:45:11 GMT" time="0.587" errors="0">
  <testcase name="loginAsBankManager" time="0.587" classname="testcases.LoginTest"/>
</testsuite> <!-- testcases.LoginTest -->
