<?xml version="1.0" encoding="UTF-8"?>
<!-- Generated by org.testng.reporters.JUnitReportReporter -->
<testsuite skipped="1" hostname="DESKTOP-4CUDJ83" name="testnglearning.TestCase_3" tests="1" failures="0" timestamp="17 Oct 2017 07:02:02 GMT" time="0.002" errors="0">
  <testcase name="isSkip" time="0.002" classname="testnglearning.TestCase_3">
    <skipped/>
  </testcase> <!-- isSkip -->
</testsuite> <!-- testnglearning.TestCase_3 -->
