<?xml version="1.0" encoding="UTF-8"?>
<!-- Generated by org.testng.reporters.JUnitReportReporter -->
<testsuite skipped="0" hostname="DESKTOP-4CUDJ83" name="testnglearning.TestParameterization" tests="5" failures="0" timestamp="19 Oct 2017 09:37:36 GMT" time="14.699" errors="0">
  <testcase name="doLogin" time="4.308" classname="testnglearning.TestParameterization"/>
  <testcase name="doLogin" time="2.560" classname="testnglearning.TestParameterization"/>
  <testcase name="doLogin" time="2.650" classname="testnglearning.TestParameterization"/>
  <testcase name="doLogin" time="2.791" classname="testnglearning.TestParameterization"/>
  <testcase name="doLogin" time="2.390" classname="testnglearning.TestParameterization"/>
</testsuite> <!-- testnglearning.TestParameterization -->
