<?xml version="1.0" encoding="UTF-8"?>
<!-- Generated by org.testng.reporters.JUnitReportReporter -->
<testsuite skipped="0" hostname="DESKTOP-4CUDJ83" name="testnglearning.TestCase_1" tests="1" failures="0" timestamp="17 Oct 2017 07:02:02 GMT" time="0.018" errors="0">
  <testcase name="doLogin" time="0.018" classname="testnglearning.TestCase_1"/>
</testsuite> <!-- testnglearning.TestCase_1 -->
