<?xml version="1.0" encoding="UTF-8"?>
<!-- Generated by org.testng.reporters.JUnitReportReporter -->
<testsuite skipped="0" hostname="DESKTOP-4CUDJ83" name="testcases.BankManagerLoginTest" tests="1" failures="0" timestamp="08 Nov 2017 02:18:59 GMT" time="3.672" errors="0">
  <testcase name="loginAsBankManager" time="3.672" classname="testcases.BankManagerLoginTest"/>
</testsuite> <!-- testcases.BankManagerLoginTest -->
