<?xml version="1.0" encoding="UTF-8"?>
<!-- Generated by org.testng.reporters.JUnitReportReporter -->
<testsuite skipped="0" hostname="DESKTOP-4CUDJ83" name="testcases.OpenAccountTest" tests="7" failures="0" timestamp="08 Nov 2017 02:18:59 GMT" time="28.012" errors="0">
  <testcase name="openAccountTest" time="3.867" classname="testcases.OpenAccountTest"/>
  <testcase name="openAccountTest" time="3.829" classname="testcases.OpenAccountTest"/>
  <testcase name="openAccountTest" time="3.896" classname="testcases.OpenAccountTest"/>
  <testcase name="openAccountTest" time="3.875" classname="testcases.OpenAccountTest"/>
  <testcase name="openAccountTest" time="4.831" classname="testcases.OpenAccountTest"/>
  <testcase name="openAccountTest" time="3.832" classname="testcases.OpenAccountTest"/>
  <testcase name="openAccountTest" time="3.882" classname="testcases.OpenAccountTest"/>
</testsuite> <!-- testcases.OpenAccountTest -->
