<?xml version="1.0" encoding="UTF-8"?>
<!-- Generated by org.testng.reporters.JUnitReportReporter -->
<testsuite skipped="0" hostname="DESKTOP-4CUDJ83" name="testcases.AddCustomerTest" tests="7" failures="0" timestamp="08 Nov 2017 02:18:59 GMT" time="35.660" errors="0">
  <testcase name="addCustomerTest" time="4.915" classname="testcases.AddCustomerTest"/>
  <testcase name="addCustomerTest" time="4.880" classname="testcases.AddCustomerTest"/>
  <testcase name="addCustomerTest" time="4.907" classname="testcases.AddCustomerTest"/>
  <testcase name="addCustomerTest" time="4.949" classname="testcases.AddCustomerTest"/>
  <testcase name="addCustomerTest" time="4.922" classname="testcases.AddCustomerTest"/>
  <testcase name="addCustomerTest" time="5.323" classname="testcases.AddCustomerTest"/>
  <testcase name="addCustomerTest" time="5.764" classname="testcases.AddCustomerTest"/>
</testsuite> <!-- testcases.AddCustomerTest -->
