<?xml version="1.0" encoding="UTF-8"?>
<!-- Generated by org.testng.reporters.JUnitReportReporter -->
<testsuite skipped="0" hostname="DESKTOP-4CUDJ83" name="base.TestBase" tests="1" failures="0" timestamp="19 Dec 2017 05:06:25 GMT" time="1.758" errors="0">
  <testcase name="clickOn" time="1.758" classname="base.TestBase"/>
</testsuite> <!-- base.TestBase -->
