<?xml version="1.0" encoding="UTF-8"?>
<!-- Generated by org.testng.reporters.JUnitReportReporter -->
<testsuite skipped="0" hostname="DESKTOP-4CUDJ83" name="com.qa.tests.LoginTest_NG" tests="1" failures="0" timestamp="19 Dec 2017 05:16:52 GMT" time="1.511" errors="0">
  <testcase name="loginTest_ng" time="1.511" classname="com.qa.tests.LoginTest_NG"/>
</testsuite> <!-- com.qa.tests.LoginTest_NG -->
