<?xml version="1.0" encoding="UTF-8"?>
<!-- Generated by org.testng.reporters.JUnitReportReporter -->
<testsuite skipped="0" hostname="DESKTOP-4CUDJ83" name="com.qa.tests.GetAPITest" tests="1" failures="0" timestamp="17 Dec 2017 18:34:46 GMT" time="1.757" errors="0">
  <testcase name="getAPITest" time="1.757" classname="com.qa.tests.GetAPITest"/>
</testsuite> <!-- com.qa.tests.GetAPITest -->
